
function recordstep () {
    git add .;
    git commit -m "$1";
}

SEVENTH_ESTATE_BINARY=${SEVENTH_ESTATE_BINARY:-./seventh-estate}

cp newpoll.yaml example.yaml
cp roster.csv example-roster.csv

${SEVENTH_ESTATE_BINARY} new --config example.yaml
poll_state:
  announced: false
  roster_committed: false
  columns_committed: false
  summands_committed: false
  summands_drawn: false
  ceremony_conducted: false
  votes_committed: false
  summands_revealed: false
  roster_revealed: false
  columns_revealed: false
signing_key: 5t6Otylf8oHOeDG4cd2FKT+lqpMb3x1jnrnpyB29jp8=
num_ballots: 100
num_decoys: 10
voter_roster: ~
voter_roster_size: 0
voter_privacy: true
drawn_summands_seed: ~
audited_columns_seed: ~
audited_ballots: ~
votes: ~
recordstep new
[demo-debug2 a9f330c] new
 4 files changed, 1065 insertions(+)
 create mode 100644 examples/example-roster.csv
 create mode 100644 examples/example.out
 create mode 100644 examples/example.yaml
 create mode 100644 examples/example.yaml.secure
${SEVENTH_ESTATE_BINARY} bind-roster --config example.yaml.secure --roster example-roster.csv
poll_state:
  announced: false
  roster_committed: false
  columns_committed: false
  summands_committed: false
  summands_drawn: false
  ceremony_conducted: false
  votes_committed: false
  summands_revealed: false
  roster_revealed: false
  columns_revealed: false
signing_key: 5t6Otylf8oHOeDG4cd2FKT+lqpMb3x1jnrnpyB29jp8=
num_ballots: 100
num_decoys: 10
voter_roster: ~
voter_roster_size: 0
voter_privacy: true
drawn_summands_seed: ~
audited_columns_seed: ~
audited_ballots: ~
votes: ~
poll_state:
  announced: true
  roster_committed: true
  columns_committed: false
  summands_committed: false
  summands_drawn: false
  ceremony_conducted: false
  votes_committed: false
  summands_revealed: false
  roster_revealed: false
  columns_revealed: false
signing_key: 5t6Otylf8oHOeDG4cd2FKT+lqpMb3x1jnrnpyB29jp8=
num_ballots: 100
num_decoys: 10
voter_roster: LS0tCnJlY29yZHM6CiAgLSBwb3NpdGlvbjogMAogICAgdm90ZXJfaW5mbzoKICAgICAgbGFzdF9uYW1lOiBNY0tpZQogICAgICBmaXJzdF9uYW1lOiBTaW91eAogIC
voter_roster_size: 1000
voter_privacy: true
drawn_summands_seed: ~
audited_columns_seed: ~
audited_ballots: ~
votes: ~
recordstep bind-roster
[demo-debug2 3d7c4af] bind-roster
 2 files changed, 62 insertions(+), 1 deletion(-)
${SEVENTH_ESTATE_BINARY} step1 --config example.yaml.secure
poll_state:
  announced: true
  roster_committed: true
  columns_committed: false
  summands_committed: false
  summands_drawn: false
  ceremony_conducted: false
  votes_committed: false
  summands_revealed: false
  roster_revealed: false
  columns_revealed: false
signing_key: 5t6Otylf8oHOeDG4cd2FKT+lqpMb3x1jnrnpyB29jp8=
num_ballots: 100
num_decoys: 10
voter_roster: LS0tCnJlY29yZHM6CiAgLSBwb3NpdGlvbjogMAogICAgdm90ZXJfaW5mbzoKICAgICAgbGFzdF9uYW1lOiBNY0tpZQogICAgICBmaXJzdF9uYW1lOiBTaW91eAogIC
voter_roster_size: 1000
voter_privacy: true
drawn_summands_seed: ~
audited_columns_seed: ~
audited_ballots: ~
votes: ~
0,296
1,406
2,205
3,488
4,877
5,774
6,875
7,50
8,280
9,37
10,171
11,617
12,219
13,19
14,165
15,457
16,617
17,380
18,768
19,715
20,560
21,134
22,142
23,920
24,240
25,428
26,922
27,559
28,876
29,934
30,220
31,611
32,87
33,235
34,896
35,896
36,910
37,895
38,80
39,436
40,976
41,568
42,469
43,206
44,619
45,554
46,679
47,810
48,912
49,655
50,521
51,244
52,691
53,807
54,261
55,830
56,779
57,492
58,429
59,947
60,952
61,238
62,880
63,698
64,697
65,828
66,610
67,644
68,165
69,78
70,777
71,98
72,916
73,723
74,813
75,272
76,396
77,925
78,529
79,920
80,59
81,231
82,439
83,901
84,318
85,724
86,532
87,663
88,290
89,303
90,417
91,807
92,535
93,405
94,124
95,970
96,571
97,213
98,36
99,240

poll_state:
  announced: true
  roster_committed: true
  columns_committed: true
  summands_committed: true
  summands_drawn: false
  ceremony_conducted: false
  votes_committed: false
  summands_revealed: false
  roster_revealed: false
  columns_revealed: false
signing_key: 5t6Otylf8oHOeDG4cd2FKT+lqpMb3x1jnrnpyB29jp8=
num_ballots: 100
num_decoys: 10
voter_roster: LS0tCnJlY29yZHM6CiAgLSBwb3NpdGlvbjogMAogICAgdm90ZXJfaW5mbzoKICAgICAgbGFzdF9uYW1lOiBNY0tpZQogICAgICBmaXJzdF9uYW1lOiBTaW91eAogIC
voter_roster_size: 1000
voter_privacy: true
drawn_summands_seed: ~
audited_columns_seed: ~
audited_ballots: ~
votes: ~
recordstep step1
[demo-debug2 fd5060a] step1
 54 files changed, 93229 insertions(+), 7 deletions(-)
 create mode 100644 examples/ExamplePoll/committed_plane_01.csv
 create mode 100644 examples/ExamplePoll/committed_plane_02.csv
 create mode 100644 examples/ExamplePoll/committed_plane_03.csv
 create mode 100644 examples/ExamplePoll/committed_plane_04.csv
 create mode 100644 examples/ExamplePoll/committed_plane_05.csv
 create mode 100644 examples/ExamplePoll/committed_plane_06.csv
 create mode 100644 examples/ExamplePoll/committed_plane_07.csv
 create mode 100644 examples/ExamplePoll/committed_plane_08.csv
 create mode 100644 examples/ExamplePoll/committed_plane_09.csv
 create mode 100644 examples/ExamplePoll/committed_plane_10.csv
 create mode 100644 examples/ExamplePoll/committed_plane_11.csv
 create mode 100644 examples/ExamplePoll/committed_plane_12.csv
 create mode 100644 examples/ExamplePoll/committed_plane_13.csv
 create mode 100644 examples/ExamplePoll/committed_plane_14.csv
 create mode 100644 examples/ExamplePoll/committed_plane_15.csv
 create mode 100644 examples/ExamplePoll/committed_plane_16.csv
 create mode 100644 examples/ExamplePoll/committed_plane_17.csv
 create mode 100644 examples/ExamplePoll/committed_plane_18.csv
 create mode 100644 examples/ExamplePoll/committed_plane_19.csv
 create mode 100644 examples/ExamplePoll/committed_plane_20.csv
 create mode 100644 examples/ExamplePoll/committed_plane_21.csv
 create mode 100644 examples/ExamplePoll/committed_plane_22.csv
 create mode 100644 examples/ExamplePoll/committed_plane_23.csv
 create mode 100644 examples/ExamplePoll/committed_plane_24.csv
 create mode 100644 examples/ExamplePoll/committed_plane_25.csv
 create mode 100644 examples/ExamplePoll/committed_plane_26.csv
 create mode 100644 examples/ExamplePoll/committed_plane_27.csv
 create mode 100644 examples/ExamplePoll/committed_plane_28.csv
 create mode 100644 examples/ExamplePoll/committed_plane_29.csv
 create mode 100644 examples/ExamplePoll/committed_plane_30.csv
 create mode 100644 examples/ExamplePoll/committed_plane_31.csv
 create mode 100644 examples/ExamplePoll/committed_plane_32.csv
 create mode 100644 examples/ExamplePoll/committed_plane_33.csv
 create mode 100644 examples/ExamplePoll/committed_plane_34.csv
 create mode 100644 examples/ExamplePoll/committed_plane_35.csv
 create mode 100644 examples/ExamplePoll/committed_plane_36.csv
 create mode 100644 examples/ExamplePoll/committed_plane_37.csv
 create mode 100644 examples/ExamplePoll/committed_plane_38.csv
 create mode 100644 examples/ExamplePoll/committed_plane_39.csv
 create mode 100644 examples/ExamplePoll/committed_plane_40.csv
 create mode 100644 examples/ExamplePoll/committed_plane_41.csv
 create mode 100644 examples/ExamplePoll/committed_plane_42.csv
 create mode 100644 examples/ExamplePoll/committed_plane_43.csv
 create mode 100644 examples/ExamplePoll/committed_plane_44.csv
 create mode 100644 examples/ExamplePoll/committed_plane_45.csv
 create mode 100644 examples/ExamplePoll/committed_plane_46.csv
 create mode 100644 examples/ExamplePoll/committed_plane_47.csv
 create mode 100644 examples/ExamplePoll/committed_plane_48.csv
 create mode 100644 examples/ExamplePoll/committed_plane_49.csv
 create mode 100644 examples/ExamplePoll/committed_plane_50.csv
 create mode 100644 examples/ExamplePoll/committed_roster.csv
 create mode 100644 examples/ExamplePoll/committed_summands.yaml
 rewrite examples/example.yaml.secure (94%)
${SEVENTH_ESTATE_BINARY} step2 --config example.yaml.secure --seed 00112233445566778899aabbccddeeffffeeddccbbaa99887766554433221100
poll_state:
  announced: true
  roster_committed: true
  columns_committed: true
  summands_committed: true
  summands_drawn: false
  ceremony_conducted: false
  votes_committed: false
  summands_revealed: false
  roster_revealed: false
  columns_revealed: false
signing_key: 5t6Otylf8oHOeDG4cd2FKT+lqpMb3x1jnrnpyB29jp8=
num_ballots: 100
num_decoys: 10
voter_roster: LS0tCnJlY29yZHM6CiAgLSBwb3NpdGlvbjogMAogICAgdm90ZXJfaW5mbzoKICAgICAgbGFzdF9uYW1lOiBNY0tpZQogICAgICBmaXJzdF9uYW1lOiBTaW91eAogIC
voter_roster_size: 1000
voter_privacy: true
drawn_summands_seed: ~
audited_columns_seed: ~
audited_ballots: ~
votes: ~
    records: [
        SummandRecord {
            position: 0,
            summand: 381,
        },
        SummandRecord {
            position: 1,
            summand: 596,
        },
        SummandRecord {
            position: 2,
            summand: 134,
        },
        SummandRecord {
            position: 3,
            summand: 315,
        },
        SummandRecord {
            position: 4,
            summand: 649,
        },
        SummandRecord {
            position: 5,
            summand: 580,
        },
        SummandRecord {
            position: 6,
            summand: 980,
        },
        SummandRecord {
            position: 7,
            summand: 992,
        },
        SummandRecord {
            position: 8,
            summand: 598,
        },
        SummandRecord {
            position: 9,
            summand: 796,
        },
        SummandRecord {
            position: 10,
            summand: 959,
        },
        SummandRecord {
            position: 11,
            summand: 937,
        },
        SummandRecord {
            position: 12,
            summand: 342,
        },
        SummandRecord {
            position: 13,
            summand: 434,
        },
        SummandRecord {
            position: 14,
            summand: 708,
        },
        SummandRecord {
            position: 15,
            summand: 736,
        },
        SummandRecord {
            position: 16,
            summand: 457,
        },
        SummandRecord {
            position: 17,
            summand: 168,
        },
        SummandRecord {
            position: 18,
            summand: 95,
        },
        SummandRecord {
            position: 19,
            summand: 867,
        },
        SummandRecord {
            position: 20,
            summand: 314,
        },
        SummandRecord {
            position: 21,
            summand: 161,
        },
        SummandRecord {
            position: 22,
            summand: 428,
        },
        SummandRecord {
            position: 23,
            summand: 204,
        },
        SummandRecord {
            position: 24,
            summand: 484,
        },
        SummandRecord {
            position: 25,
            summand: 400,
        },
        SummandRecord {
            position: 26,
            summand: 879,
        },
        SummandRecord {
            position: 27,
            summand: 30,
        },
        SummandRecord {
            position: 28,
            summand: 785,
        },
        SummandRecord {
            position: 29,
            summand: 80,
        },
        SummandRecord {
            position: 30,
            summand: 287,
        },
        SummandRecord {
            position: 31,
            summand: 649,
        },
        SummandRecord {
            position: 32,
            summand: 829,
        },
        SummandRecord {
            position: 33,
            summand: 286,
        },
        SummandRecord {
            position: 34,
            summand: 851,
        },
        SummandRecord {
            position: 35,
            summand: 259,
        },
        SummandRecord {
            position: 36,
            summand: 831,
        },
        SummandRecord {
            position: 37,
            summand: 529,
        },
        SummandRecord {
            position: 38,
            summand: 942,
        },
        SummandRecord {
            position: 39,
            summand: 478,
        },
        SummandRecord {
            position: 40,
            summand: 606,
        },
        SummandRecord {
            position: 41,
            summand: 778,
        },
        SummandRecord {
            position: 42,
            summand: 675,
        },
        SummandRecord {
            position: 43,
            summand: 877,
        },
        SummandRecord {
            position: 44,
            summand: 997,
        },
        SummandRecord {
            position: 45,
            summand: 307,
        },
        SummandRecord {
            position: 46,
            summand: 568,
        },
        SummandRecord {
            position: 47,
            summand: 85,
        },
        SummandRecord {
            position: 48,
            summand: 462,
        },
        SummandRecord {
            position: 49,
            summand: 726,
        },
        SummandRecord {
            position: 50,
            summand: 575,
        },
        SummandRecord {
            position: 51,
            summand: 479,
        },
        SummandRecord {
            position: 52,
            summand: 307,
        },
        SummandRecord {
            position: 53,
            summand: 348,
        },
        SummandRecord {
            position: 54,
            summand: 467,
        },
        SummandRecord {
            position: 55,
            summand: 286,
        },
        SummandRecord {
            position: 56,
            summand: 422,
        },
        SummandRecord {
            position: 57,
            summand: 809,
        },
        SummandRecord {
            position: 58,
            summand: 334,
        },
        SummandRecord {
            position: 59,
            summand: 290,
        },
        SummandRecord {
            position: 60,
            summand: 560,
        },
        SummandRecord {
            position: 61,
            summand: 501,
        },
        SummandRecord {
            position: 62,
            summand: 378,
        },
        SummandRecord {
            position: 63,
            summand: 221,
        },
        SummandRecord {
            position: 64,
            summand: 801,
        },
        SummandRecord {
            position: 65,
            summand: 712,
        },
        SummandRecord {
            position: 66,
            summand: 705,
        },
        SummandRecord {
            position: 67,
            summand: 297,
        },
        SummandRecord {
            position: 68,
            summand: 397,
        },
        SummandRecord {
            position: 69,
            summand: 540,
        },
        SummandRecord {
            position: 70,
            summand: 505,
        },
        SummandRecord {
            position: 71,
            summand: 189,
        },
        SummandRecord {
            position: 72,
            summand: 990,
        },
        SummandRecord {
            position: 73,
            summand: 846,
        },
        SummandRecord {
            position: 74,
            summand: 361,
        },
        SummandRecord {
            position: 75,
            summand: 76,
        },
        SummandRecord {
            position: 76,
            summand: 786,
        },
        SummandRecord {
            position: 77,
            summand: 962,
        },
        SummandRecord {
            position: 78,
            summand: 87,
        },
        SummandRecord {
            position: 79,
            summand: 9,
        },
        SummandRecord {
            position: 80,
            summand: 539,
        },
        SummandRecord {
            position: 81,
            summand: 482,
        },
        SummandRecord {
            position: 82,
            summand: 628,
        },
        SummandRecord {
            position: 83,
            summand: 841,
        },
        SummandRecord {
            position: 84,
            summand: 867,
        },
        SummandRecord {
            position: 85,
            summand: 539,
        },
        SummandRecord {
            position: 86,
            summand: 574,
        },
        SummandRecord {
            position: 87,
            summand: 137,
        },
        SummandRecord {
            position: 88,
            summand: 528,
        },
        SummandRecord {
            position: 89,
            summand: 208,
        },
        SummandRecord {
            position: 90,
            summand: 444,
        },
        SummandRecord {
            position: 91,
            summand: 640,
        },
        SummandRecord {
            position: 92,
            summand: 508,
        },
        SummandRecord {
            position: 93,
            summand: 46,
        },
        SummandRecord {
            position: 94,
            summand: 718,
        },
        SummandRecord {
            position: 95,
            summand: 516,
        },
        SummandRecord {
            position: 96,
            summand: 282,
        },
        SummandRecord {
            position: 97,
            summand: 286,
        },
        SummandRecord {
            position: 98,
            summand: 453,
        },
        SummandRecord {
            position: 99,
            summand: 389,
        },
    ],
}
poll_state:
  announced: true
  roster_committed: true
  columns_committed: true
  summands_committed: true
  summands_drawn: true
  ceremony_conducted: false
  votes_committed: false
  summands_revealed: false
  roster_revealed: false
  columns_revealed: false
signing_key: 5t6Otylf8oHOeDG4cd2FKT+lqpMb3x1jnrnpyB29jp8=
num_ballots: 100
num_decoys: 10
voter_roster: LS0tCnJlY29yZHM6CiAgLSBwb3NpdGlvbjogMAogICAgdm90ZXJfaW5mbzoKICAgICAgbGFzdF9uYW1lOiBNY0tpZQogICAgICBmaXJzdF9uYW1lOiBTaW91eAogIC
voter_roster_size: 1000
voter_privacy: true
drawn_summands_seed: 00112233445566778899aabbccddeeffffeeddccbbaa99887766554433221100
audited_columns_seed: ~
audited_ballots: ~
votes: ~
recordstep step2
[demo-debug2 0058051] step2
 3 files changed, 727 insertions(+), 7 deletions(-)
 create mode 100644 examples/ExamplePoll/drawn_summands.yaml
 rewrite examples/example.yaml.secure (95%)
${SEVENTH_ESTATE_BINARY} step3 --config example.yaml.secure --addresses addresses.csv --ballots ballots.csv
poll_state:
  announced: true
  roster_committed: true
  columns_committed: true
  summands_committed: true
  summands_drawn: true
  ceremony_conducted: false
  votes_committed: false
  summands_revealed: false
  roster_revealed: false
  columns_revealed: false
signing_key: 5t6Otylf8oHOeDG4cd2FKT+lqpMb3x1jnrnpyB29jp8=
num_ballots: 100
num_decoys: 10
voter_roster: LS0tCnJlY29yZHM6CiAgLSBwb3NpdGlvbjogMAogICAgdm90ZXJfaW5mbzoKICAgICAgbGFzdF9uYW1lOiBNY0tpZQogICAgICBmaXJzdF9uYW1lOiBTaW91eAogIC
voter_roster_size: 1000
voter_privacy: true
drawn_summands_seed: 00112233445566778899aabbccddeeffffeeddccbbaa99887766554433221100
audited_columns_seed: ~
audited_ballots: ~
votes: ~
recordstep step3
[demo-debug2 d8f8422] step3
 3 files changed, 338 insertions(+)
 create mode 100644 examples/addresses.csv
 create mode 100644 examples/ballots.csv
${SEVENTH_ESTATE_BINARY} step4 --config example.yaml.secure --serial-file serials.csv
poll_state:
  announced: true
  roster_committed: true
  columns_committed: true
  summands_committed: true
  summands_drawn: true
  ceremony_conducted: false
  votes_committed: false
  summands_revealed: false
  roster_revealed: false
  columns_revealed: false
signing_key: 5t6Otylf8oHOeDG4cd2FKT+lqpMb3x1jnrnpyB29jp8=
num_ballots: 100
num_decoys: 10
voter_roster: LS0tCnJlY29yZHM6CiAgLSBwb3NpdGlvbjogMAogICAgdm90ZXJfaW5mbzoKICAgICAgbGFzdF9uYW1lOiBNY0tpZQogICAgICBmaXJzdF9uYW1lOiBTaW91eAogIC
voter_roster_size: 1000
voter_privacy: true
drawn_summands_seed: 00112233445566778899aabbccddeeffffeeddccbbaa99887766554433221100
audited_columns_seed: ~
audited_ballots: ~
votes: ~
poll_state:
  announced: true
  roster_committed: true
  columns_committed: true
  summands_committed: true
  summands_drawn: true
  ceremony_conducted: true
  votes_committed: false
  summands_revealed: false
  roster_revealed: false
  columns_revealed: false
signing_key: 5t6Otylf8oHOeDG4cd2FKT+lqpMb3x1jnrnpyB29jp8=
num_ballots: 100
num_decoys: 10
voter_roster: LS0tCnJlY29yZHM6CiAgLSBwb3NpdGlvbjogMAogICAgdm90ZXJfaW5mbzoKICAgICAgbGFzdF9uYW1lOiBNY0tpZQogICAgICBmaXJzdF9uYW1lOiBTaW91eAogIC
voter_roster_size: 1000
voter_privacy: true
drawn_summands_seed: 00112233445566778899aabbccddeeffffeeddccbbaa99887766554433221100
audited_columns_seed: ~
audited_ballots:
  - "13"
  - "20"
  - "35"
  - "43"
  - "58"
  - "69"
  - "73"
  - "77"
  - "81"
  - "88"
  - "93"
  - "96"
votes: ~
recordstep step4
[demo-debug2 be16e31] step4
 102 files changed, 107382 insertions(+), 7 deletions(-)
 create mode 100644 examples/ExamplePoll/print_audit_plane_01.csv
 create mode 100644 examples/ExamplePoll/print_audit_plane_01_keys.csv
 create mode 100644 examples/ExamplePoll/print_audit_plane_02.csv
 create mode 100644 examples/ExamplePoll/print_audit_plane_02_keys.csv
 create mode 100644 examples/ExamplePoll/print_audit_plane_03.csv
 create mode 100644 examples/ExamplePoll/print_audit_plane_03_keys.csv
 create mode 100644 examples/ExamplePoll/print_audit_plane_04.csv
 create mode 100644 examples/ExamplePoll/print_audit_plane_04_keys.csv
 create mode 100644 examples/ExamplePoll/print_audit_plane_05.csv
 create mode 100644 examples/ExamplePoll/print_audit_plane_05_keys.csv
 create mode 100644 examples/ExamplePoll/print_audit_plane_06.csv
 create mode 100644 examples/ExamplePoll/print_audit_plane_06_keys.csv
 create mode 100644 examples/ExamplePoll/print_audit_plane_07.csv
 create mode 100644 examples/ExamplePoll/print_audit_plane_07_keys.csv
 create mode 100644 examples/ExamplePoll/print_audit_plane_08.csv
 create mode 100644 examples/ExamplePoll/print_audit_plane_08_keys.csv
 create mode 100644 examples/ExamplePoll/print_audit_plane_09.csv
 create mode 100644 examples/ExamplePoll/print_audit_plane_09_keys.csv
 create mode 100644 examples/ExamplePoll/print_audit_plane_10.csv
 create mode 100644 examples/ExamplePoll/print_audit_plane_10_keys.csv
 create mode 100644 examples/ExamplePoll/print_audit_plane_11.csv
 create mode 100644 examples/ExamplePoll/print_audit_plane_11_keys.csv
 create mode 100644 examples/ExamplePoll/print_audit_plane_12.csv
 create mode 100644 examples/ExamplePoll/print_audit_plane_12_keys.csv
 create mode 100644 examples/ExamplePoll/print_audit_plane_13.csv
 create mode 100644 examples/ExamplePoll/print_audit_plane_13_keys.csv
 create mode 100644 examples/ExamplePoll/print_audit_plane_14.csv
 create mode 100644 examples/ExamplePoll/print_audit_plane_14_keys.csv
 create mode 100644 examples/ExamplePoll/print_audit_plane_15.csv
 create mode 100644 examples/ExamplePoll/print_audit_plane_15_keys.csv
 create mode 100644 examples/ExamplePoll/print_audit_plane_16.csv
 create mode 100644 examples/ExamplePoll/print_audit_plane_16_keys.csv
 create mode 100644 examples/ExamplePoll/print_audit_plane_17.csv
 create mode 100644 examples/ExamplePoll/print_audit_plane_17_keys.csv
 create mode 100644 examples/ExamplePoll/print_audit_plane_18.csv
 create mode 100644 examples/ExamplePoll/print_audit_plane_18_keys.csv
 create mode 100644 examples/ExamplePoll/print_audit_plane_19.csv
 create mode 100644 examples/ExamplePoll/print_audit_plane_19_keys.csv
 create mode 100644 examples/ExamplePoll/print_audit_plane_20.csv
 create mode 100644 examples/ExamplePoll/print_audit_plane_20_keys.csv
 create mode 100644 examples/ExamplePoll/print_audit_plane_21.csv
 create mode 100644 examples/ExamplePoll/print_audit_plane_21_keys.csv
 create mode 100644 examples/ExamplePoll/print_audit_plane_22.csv
 create mode 100644 examples/ExamplePoll/print_audit_plane_22_keys.csv
 create mode 100644 examples/ExamplePoll/print_audit_plane_23.csv
 create mode 100644 examples/ExamplePoll/print_audit_plane_23_keys.csv
 create mode 100644 examples/ExamplePoll/print_audit_plane_24.csv
 create mode 100644 examples/ExamplePoll/print_audit_plane_24_keys.csv
 create mode 100644 examples/ExamplePoll/print_audit_plane_25.csv
 create mode 100644 examples/ExamplePoll/print_audit_plane_25_keys.csv
 create mode 100644 examples/ExamplePoll/print_audit_plane_26.csv
 create mode 100644 examples/ExamplePoll/print_audit_plane_26_keys.csv
 create mode 100644 examples/ExamplePoll/print_audit_plane_27.csv
 create mode 100644 examples/ExamplePoll/print_audit_plane_27_keys.csv
 create mode 100644 examples/ExamplePoll/print_audit_plane_28.csv
 create mode 100644 examples/ExamplePoll/print_audit_plane_28_keys.csv
 create mode 100644 examples/ExamplePoll/print_audit_plane_29.csv
 create mode 100644 examples/ExamplePoll/print_audit_plane_29_keys.csv
 create mode 100644 examples/ExamplePoll/print_audit_plane_30.csv
 create mode 100644 examples/ExamplePoll/print_audit_plane_30_keys.csv
 create mode 100644 examples/ExamplePoll/print_audit_plane_31.csv
 create mode 100644 examples/ExamplePoll/print_audit_plane_31_keys.csv
 create mode 100644 examples/ExamplePoll/print_audit_plane_32.csv
 create mode 100644 examples/ExamplePoll/print_audit_plane_32_keys.csv
 create mode 100644 examples/ExamplePoll/print_audit_plane_33.csv
 create mode 100644 examples/ExamplePoll/print_audit_plane_33_keys.csv
 create mode 100644 examples/ExamplePoll/print_audit_plane_34.csv
 create mode 100644 examples/ExamplePoll/print_audit_plane_34_keys.csv
 create mode 100644 examples/ExamplePoll/print_audit_plane_35.csv
 create mode 100644 examples/ExamplePoll/print_audit_plane_35_keys.csv
 create mode 100644 examples/ExamplePoll/print_audit_plane_36.csv
 create mode 100644 examples/ExamplePoll/print_audit_plane_36_keys.csv
 create mode 100644 examples/ExamplePoll/print_audit_plane_37.csv
 create mode 100644 examples/ExamplePoll/print_audit_plane_37_keys.csv
 create mode 100644 examples/ExamplePoll/print_audit_plane_38.csv
 create mode 100644 examples/ExamplePoll/print_audit_plane_38_keys.csv
 create mode 100644 examples/ExamplePoll/print_audit_plane_39.csv
 create mode 100644 examples/ExamplePoll/print_audit_plane_39_keys.csv
 create mode 100644 examples/ExamplePoll/print_audit_plane_40.csv
 create mode 100644 examples/ExamplePoll/print_audit_plane_40_keys.csv
 create mode 100644 examples/ExamplePoll/print_audit_plane_41.csv
 create mode 100644 examples/ExamplePoll/print_audit_plane_41_keys.csv
 create mode 100644 examples/ExamplePoll/print_audit_plane_42.csv
 create mode 100644 examples/ExamplePoll/print_audit_plane_42_keys.csv
 create mode 100644 examples/ExamplePoll/print_audit_plane_43.csv
 create mode 100644 examples/ExamplePoll/print_audit_plane_43_keys.csv
 create mode 100644 examples/ExamplePoll/print_audit_plane_44.csv
 create mode 100644 examples/ExamplePoll/print_audit_plane_44_keys.csv
 create mode 100644 examples/ExamplePoll/print_audit_plane_45.csv
 create mode 100644 examples/ExamplePoll/print_audit_plane_45_keys.csv
 create mode 100644 examples/ExamplePoll/print_audit_plane_46.csv
 create mode 100644 examples/ExamplePoll/print_audit_plane_46_keys.csv
 create mode 100644 examples/ExamplePoll/print_audit_plane_47.csv
 create mode 100644 examples/ExamplePoll/print_audit_plane_47_keys.csv
 create mode 100644 examples/ExamplePoll/print_audit_plane_48.csv
 create mode 100644 examples/ExamplePoll/print_audit_plane_48_keys.csv
 create mode 100644 examples/ExamplePoll/print_audit_plane_49.csv
 create mode 100644 examples/ExamplePoll/print_audit_plane_49_keys.csv
 create mode 100644 examples/ExamplePoll/print_audit_plane_50.csv
 create mode 100644 examples/ExamplePoll/print_audit_plane_50_keys.csv
 rewrite examples/example.yaml.secure (95%)

# Record some votes at random
#  Pick the first three "For" votes (lines 2-4)
#  Pick both options in ballots 4 and 5
#  Pick "Against" votes from ballots 6-10.
(echo votecode; cut -d, -f 2 ballots.csv| sed -n '2,6p'; cut -d, -f 4 ballots.csv| sed -n '5,11p'; ) > votes.csv

cat <<EOF

Time to simulate actual voting.  The votecodes are random, so this can't be predetermined.
Choose some actual votecodes for this election from ballots.csv
with some from column 2 and a different number from column 4,
so you don't end up with a tie"
Make sure you avoid the ones you've spoiled, and have enough to deal with random decoys.
Some have been prechosen for you, but you can edit votes.csv now if you like.

EOF

Time to simulate actual voting.  The votecodes are random, so this can't be predetermined.
Choose some actual votecodes for this election from ballots.csv
with some from column 2 and a different number from column 4,
so you don't end up with a tie"
Make sure you avoid the ones you've spoiled, and have enough to deal with random decoys.
Some have been prechosen for you, but you can edit votes.csv now if you like.


echo "Modify votes.csv if desired, and hit Enter when ready"
Modify votes.csv if desired, and hit Enter when ready
read ok

recordstep votes
[demo-debug2 bf64270] votes
 2 files changed, 146 insertions(+), 1 deletion(-)

# to see selected options in regular terminal: fgrep -n -f votes.csv ballots.csv

${SEVENTH_ESTATE_BINARY} step5
recordstep step5
[demo-debug2 04ff0d9] step5
 1 file changed, 7 insertions(+)
${SEVENTH_ESTATE_BINARY} step6 --config example.yaml.secure --votes votes.csv
poll_state:
  announced: true
  roster_committed: true
  columns_committed: true
  summands_committed: true
  summands_drawn: true
  ceremony_conducted: true
  votes_committed: false
  summands_revealed: false
  roster_revealed: false
  columns_revealed: false
signing_key: 5t6Otylf8oHOeDG4cd2FKT+lqpMb3x1jnrnpyB29jp8=
num_ballots: 100
num_decoys: 10
voter_roster: LS0tCnJlY29yZHM6CiAgLSBwb3NpdGlvbjogMAogICAgdm90ZXJfaW5mbzoKICAgICAgbGFzdF9uYW1lOiBNY0tpZQogICAgICBmaXJzdF9uYW1lOiBTaW91eAogIC
voter_roster_size: 1000
voter_privacy: true
drawn_summands_seed: 00112233445566778899aabbccddeeffffeeddccbbaa99887766554433221100
audited_columns_seed: ~
audited_ballots:
  - "13"
  - "20"
  - "35"
  - "43"
  - "58"
  - "69"
  - "73"
  - "77"
  - "81"
  - "88"
  - "93"
  - "96"
votes: ~
poll_state:
  announced: true
  roster_committed: true
  columns_committed: true
  summands_committed: true
  summands_drawn: true
  ceremony_conducted: true
  votes_committed: true
  summands_revealed: false
  roster_revealed: false
  columns_revealed: false
signing_key: 5t6Otylf8oHOeDG4cd2FKT+lqpMb3x1jnrnpyB29jp8=
num_ballots: 100
num_decoys: 10
voter_roster: LS0tCnJlY29yZHM6CiAgLSBwb3NpdGlvbjogMAogICAgdm90ZXJfaW5mbzoKICAgICAgbGFzdF9uYW1lOiBNY0tpZQogICAgICBmaXJzdF9uYW1lOiBTaW91eAogIC
voter_roster_size: 1000
voter_privacy: true
drawn_summands_seed: 00112233445566778899aabbccddeeffffeeddccbbaa99887766554433221100
audited_columns_seed: ~
audited_ballots:
  - "13"
  - "20"
  - "35"
  - "43"
  - "58"
  - "69"
  - "73"
  - "77"
  - "81"
  - "88"
  - "93"
  - "96"
votes:
  - - 4
    - 8
    - 4
    - 5
    - 9
    - 2
    - 5
    - 0
    - 4
    - 9
    - 0
    - 9
    - 7
    - 6
    - 8
    - 1
    - 1
    - 0
    - 1
    - 7
  - - 1
    - 6
    - 6
    - 9
    - 8
    - 6
    - 3
    - 0
    - 2
    - 9
    - 1
    - 8
    - 5
    - 3
    - 3
    - 0
    - 2
    - 0
    - 0
    - 8
  - - 1
    - 7
    - 3
    - 3
    - 6
    - 6
    - 3
    - 2
    - 8
    - 1
    - 9
    - 6
    - 8
    - 6
    - 1
    - 5
    - 2
    - 6
    - 9
    - 8
  - - 6
    - 8
    - 3
    - 8
    - 5
    - 6
    - 9
    - 5
    - 8
    - 2
    - 2
    - 3
    - 9
    - 0
    - 6
    - 7
    - 1
    - 6
    - 7
    - 9
  - - 2
    - 4
    - 8
    - 0
    - 6
    - 4
    - 7
    - 9
    - 4
    - 6
    - 1
    - 5
    - 8
    - 1
    - 5
    - 5
    - 4
    - 6
    - 0
    - 5
  - - 0
    - 4
    - 9
    - 4
    - 3
    - 4
    - 7
    - 5
    - 2
    - 2
    - 6
    - 1
    - 3
    - 8
    - 2
    - 1
    - 6
    - 7
    - 2
    - 4
  - - 9
    - 0
    - 2
    - 0
    - 9
    - 7
    - 8
    - 8
    - 8
    - 9
    - 0
    - 2
    - 8
    - 0
    - 0
    - 2
    - 6
    - 0
    - 6
    - 6
  - - 1
    - 8
    - 3
    - 2
    - 6
    - 9
    - 9
    - 4
    - 4
    - 4
    - 3
    - 0
    - 8
    - 4
    - 5
    - 7
    - 4
    - 1
    - 8
    - 0
  - - 1
    - 4
    - 9
    - 7
    - 9
    - 6
    - 9
    - 8
    - 1
    - 6
    - 1
    - 2
    - 3
    - 5
    - 9
    - 0
    - 8
    - 3
    - 0
    - 9
  - - 2
    - 3
    - 0
    - 2
    - 3
    - 6
    - 1
    - 7
    - 0
    - 6
    - 6
    - 0
    - 8
    - 3
    - 3
    - 9
    - 7
    - 0
    - 5
    - 9
  - - 7
    - 0
    - 9
    - 8
    - 6
    - 9
    - 8
    - 1
    - 5
    - 7
    - 2
    - 3
    - 3
    - 2
    - 0
    - 1
    - 7
    - 7
    - 4
    - 1
  - - 7
    - 1
    - 9
    - 1
    - 2
    - 9
    - 1
    - 9
    - 5
    - 6
    - 8
    - 0
    - 2
    - 6
    - 4
    - 6
    - 7
    - 3
    - 1
    - 3
recordstep step6
[demo-debug2 a519677] step6
 102 files changed, 107832 insertions(+), 7 deletions(-)
 create mode 100644 examples/ExamplePoll/vote_plane_01.csv
 create mode 100644 examples/ExamplePoll/vote_plane_01_keys.csv
 create mode 100644 examples/ExamplePoll/vote_plane_02.csv
 create mode 100644 examples/ExamplePoll/vote_plane_02_keys.csv
 create mode 100644 examples/ExamplePoll/vote_plane_03.csv
 create mode 100644 examples/ExamplePoll/vote_plane_03_keys.csv
 create mode 100644 examples/ExamplePoll/vote_plane_04.csv
 create mode 100644 examples/ExamplePoll/vote_plane_04_keys.csv
 create mode 100644 examples/ExamplePoll/vote_plane_05.csv
 create mode 100644 examples/ExamplePoll/vote_plane_05_keys.csv
 create mode 100644 examples/ExamplePoll/vote_plane_06.csv
 create mode 100644 examples/ExamplePoll/vote_plane_06_keys.csv
 create mode 100644 examples/ExamplePoll/vote_plane_07.csv
 create mode 100644 examples/ExamplePoll/vote_plane_07_keys.csv
 create mode 100644 examples/ExamplePoll/vote_plane_08.csv
 create mode 100644 examples/ExamplePoll/vote_plane_08_keys.csv
 create mode 100644 examples/ExamplePoll/vote_plane_09.csv
 create mode 100644 examples/ExamplePoll/vote_plane_09_keys.csv
 create mode 100644 examples/ExamplePoll/vote_plane_10.csv
 create mode 100644 examples/ExamplePoll/vote_plane_10_keys.csv
 create mode 100644 examples/ExamplePoll/vote_plane_11.csv
 create mode 100644 examples/ExamplePoll/vote_plane_11_keys.csv
 create mode 100644 examples/ExamplePoll/vote_plane_12.csv
 create mode 100644 examples/ExamplePoll/vote_plane_12_keys.csv
 create mode 100644 examples/ExamplePoll/vote_plane_13.csv
 create mode 100644 examples/ExamplePoll/vote_plane_13_keys.csv
 create mode 100644 examples/ExamplePoll/vote_plane_14.csv
 create mode 100644 examples/ExamplePoll/vote_plane_14_keys.csv
 create mode 100644 examples/ExamplePoll/vote_plane_15.csv
 create mode 100644 examples/ExamplePoll/vote_plane_15_keys.csv
 create mode 100644 examples/ExamplePoll/vote_plane_16.csv
 create mode 100644 examples/ExamplePoll/vote_plane_16_keys.csv
 create mode 100644 examples/ExamplePoll/vote_plane_17.csv
 create mode 100644 examples/ExamplePoll/vote_plane_17_keys.csv
 create mode 100644 examples/ExamplePoll/vote_plane_18.csv
 create mode 100644 examples/ExamplePoll/vote_plane_18_keys.csv
 create mode 100644 examples/ExamplePoll/vote_plane_19.csv
 create mode 100644 examples/ExamplePoll/vote_plane_19_keys.csv
 create mode 100644 examples/ExamplePoll/vote_plane_20.csv
 create mode 100644 examples/ExamplePoll/vote_plane_20_keys.csv
 create mode 100644 examples/ExamplePoll/vote_plane_21.csv
 create mode 100644 examples/ExamplePoll/vote_plane_21_keys.csv
 create mode 100644 examples/ExamplePoll/vote_plane_22.csv
 create mode 100644 examples/ExamplePoll/vote_plane_22_keys.csv
 create mode 100644 examples/ExamplePoll/vote_plane_23.csv
 create mode 100644 examples/ExamplePoll/vote_plane_23_keys.csv
 create mode 100644 examples/ExamplePoll/vote_plane_24.csv
 create mode 100644 examples/ExamplePoll/vote_plane_24_keys.csv
 create mode 100644 examples/ExamplePoll/vote_plane_25.csv
 create mode 100644 examples/ExamplePoll/vote_plane_25_keys.csv
 create mode 100644 examples/ExamplePoll/vote_plane_26.csv
 create mode 100644 examples/ExamplePoll/vote_plane_26_keys.csv
 create mode 100644 examples/ExamplePoll/vote_plane_27.csv
 create mode 100644 examples/ExamplePoll/vote_plane_27_keys.csv
 create mode 100644 examples/ExamplePoll/vote_plane_28.csv
 create mode 100644 examples/ExamplePoll/vote_plane_28_keys.csv
 create mode 100644 examples/ExamplePoll/vote_plane_29.csv
 create mode 100644 examples/ExamplePoll/vote_plane_29_keys.csv
 create mode 100644 examples/ExamplePoll/vote_plane_30.csv
 create mode 100644 examples/ExamplePoll/vote_plane_30_keys.csv
 create mode 100644 examples/ExamplePoll/vote_plane_31.csv
 create mode 100644 examples/ExamplePoll/vote_plane_31_keys.csv
 create mode 100644 examples/ExamplePoll/vote_plane_32.csv
 create mode 100644 examples/ExamplePoll/vote_plane_32_keys.csv
 create mode 100644 examples/ExamplePoll/vote_plane_33.csv
 create mode 100644 examples/ExamplePoll/vote_plane_33_keys.csv
 create mode 100644 examples/ExamplePoll/vote_plane_34.csv
 create mode 100644 examples/ExamplePoll/vote_plane_34_keys.csv
 create mode 100644 examples/ExamplePoll/vote_plane_35.csv
 create mode 100644 examples/ExamplePoll/vote_plane_35_keys.csv
 create mode 100644 examples/ExamplePoll/vote_plane_36.csv
 create mode 100644 examples/ExamplePoll/vote_plane_36_keys.csv
 create mode 100644 examples/ExamplePoll/vote_plane_37.csv
 create mode 100644 examples/ExamplePoll/vote_plane_37_keys.csv
 create mode 100644 examples/ExamplePoll/vote_plane_38.csv
 create mode 100644 examples/ExamplePoll/vote_plane_38_keys.csv
 create mode 100644 examples/ExamplePoll/vote_plane_39.csv
 create mode 100644 examples/ExamplePoll/vote_plane_39_keys.csv
 create mode 100644 examples/ExamplePoll/vote_plane_40.csv
 create mode 100644 examples/ExamplePoll/vote_plane_40_keys.csv
 create mode 100644 examples/ExamplePoll/vote_plane_41.csv
 create mode 100644 examples/ExamplePoll/vote_plane_41_keys.csv
 create mode 100644 examples/ExamplePoll/vote_plane_42.csv
 create mode 100644 examples/ExamplePoll/vote_plane_42_keys.csv
 create mode 100644 examples/ExamplePoll/vote_plane_43.csv
 create mode 100644 examples/ExamplePoll/vote_plane_43_keys.csv
 create mode 100644 examples/ExamplePoll/vote_plane_44.csv
 create mode 100644 examples/ExamplePoll/vote_plane_44_keys.csv
 create mode 100644 examples/ExamplePoll/vote_plane_45.csv
 create mode 100644 examples/ExamplePoll/vote_plane_45_keys.csv
 create mode 100644 examples/ExamplePoll/vote_plane_46.csv
 create mode 100644 examples/ExamplePoll/vote_plane_46_keys.csv
 create mode 100644 examples/ExamplePoll/vote_plane_47.csv
 create mode 100644 examples/ExamplePoll/vote_plane_47_keys.csv
 create mode 100644 examples/ExamplePoll/vote_plane_48.csv
 create mode 100644 examples/ExamplePoll/vote_plane_48_keys.csv
 create mode 100644 examples/ExamplePoll/vote_plane_49.csv
 create mode 100644 examples/ExamplePoll/vote_plane_49_keys.csv
 create mode 100644 examples/ExamplePoll/vote_plane_50.csv
 create mode 100644 examples/ExamplePoll/vote_plane_50_keys.csv
 rewrite examples/example.yaml.secure (95%)
${SEVENTH_ESTATE_BINARY} step7 --config example.yaml.secure --seed ffeeddccbbaa9988776655443322110000112233445566778899aabbccddeeff
poll_state:
  announced: true
  roster_committed: true
  columns_committed: true
  summands_committed: true
  summands_drawn: true
  ceremony_conducted: true
  votes_committed: true
  summands_revealed: false
  roster_revealed: false
  columns_revealed: false
signing_key: 5t6Otylf8oHOeDG4cd2FKT+lqpMb3x1jnrnpyB29jp8=
num_ballots: 100
num_decoys: 10
voter_roster: LS0tCnJlY29yZHM6CiAgLSBwb3NpdGlvbjogMAogICAgdm90ZXJfaW5mbzoKICAgICAgbGFzdF9uYW1lOiBNY0tpZQogICAgICBmaXJzdF9uYW1lOiBTaW91eAogIC
voter_roster_size: 1000
voter_privacy: true
drawn_summands_seed: 00112233445566778899aabbccddeeffffeeddccbbaa99887766554433221100
audited_columns_seed: ~
audited_ballots:
  - "13"
  - "20"
  - "35"
  - "43"
  - "58"
  - "69"
  - "73"
  - "77"
  - "81"
  - "88"
  - "93"
  - "96"
votes:
  - - 4
    - 8
    - 4
    - 5
    - 9
    - 2
    - 5
    - 0
    - 4
    - 9
    - 0
    - 9
    - 7
    - 6
    - 8
    - 1
    - 1
    - 0
    - 1
    - 7
  - - 1
    - 6
    - 6
    - 9
    - 8
    - 6
    - 3
    - 0
    - 2
    - 9
    - 1
    - 8
    - 5
    - 3
    - 3
    - 0
    - 2
    - 0
    - 0
    - 8
  - - 1
    - 7
    - 3
    - 3
    - 6
    - 6
    - 3
    - 2
    - 8
    - 1
    - 9
    - 6
    - 8
    - 6
    - 1
    - 5
    - 2
    - 6
    - 9
    - 8
  - - 6
    - 8
    - 3
    - 8
    - 5
    - 6
    - 9
    - 5
    - 8
    - 2
    - 2
    - 3
    - 9
    - 0
    - 6
    - 7
    - 1
    - 6
    - 7
    - 9
  - - 2
    - 4
    - 8
    - 0
    - 6
    - 4
    - 7
    - 9
    - 4
    - 6
    - 1
    - 5
    - 8
    - 1
    - 5
    - 5
    - 4
    - 6
    - 0
    - 5
  - - 0
    - 4
    - 9
    - 4
    - 3
    - 4
    - 7
    - 5
    - 2
    - 2
    - 6
    - 1
    - 3
    - 8
    - 2
    - 1
    - 6
    - 7
    - 2
    - 4
  - - 9
    - 0
    - 2
    - 0
    - 9
    - 7
    - 8
    - 8
    - 8
    - 9
    - 0
    - 2
    - 8
    - 0
    - 0
    - 2
    - 6
    - 0
    - 6
    - 6
  - - 1
    - 8
    - 3
    - 2
    - 6
    - 9
    - 9
    - 4
    - 4
    - 4
    - 3
    - 0
    - 8
    - 4
    - 5
    - 7
    - 4
    - 1
    - 8
    - 0
  - - 1
    - 4
    - 9
    - 7
    - 9
    - 6
    - 9
    - 8
    - 1
    - 6
    - 1
    - 2
    - 3
    - 5
    - 9
    - 0
    - 8
    - 3
    - 0
    - 9
  - - 2
    - 3
    - 0
    - 2
    - 3
    - 6
    - 1
    - 7
    - 0
    - 6
    - 6
    - 0
    - 8
    - 3
    - 3
    - 9
    - 7
    - 0
    - 5
    - 9
  - - 7
    - 0
    - 9
    - 8
    - 6
    - 9
    - 8
    - 1
    - 5
    - 7
    - 2
    - 3
    - 3
    - 2
    - 0
    - 1
    - 7
    - 7
    - 4
    - 1
  - - 7
    - 1
    - 9
    - 1
    - 2
    - 9
    - 1
    - 9
    - 5
    - 6
    - 8
    - 0
    - 2
    - 6
    - 4
    - 6
    - 7
    - 3
    - 1
    - 3
poll_state:
  announced: true
  roster_committed: true
  columns_committed: true
  summands_committed: true
  summands_drawn: true
  ceremony_conducted: true
  votes_committed: true
  summands_revealed: false
  roster_revealed: false
  columns_revealed: false
signing_key: 5t6Otylf8oHOeDG4cd2FKT+lqpMb3x1jnrnpyB29jp8=
num_ballots: 100
num_decoys: 10
voter_roster: LS0tCnJlY29yZHM6CiAgLSBwb3NpdGlvbjogMAogICAgdm90ZXJfaW5mbzoKICAgICAgbGFzdF9uYW1lOiBNY0tpZQogICAgICBmaXJzdF9uYW1lOiBTaW91eAogIC
voter_roster_size: 1000
voter_privacy: true
drawn_summands_seed: 00112233445566778899aabbccddeeffffeeddccbbaa99887766554433221100
audited_columns_seed: ffeeddccbbaa9988776655443322110000112233445566778899aabbccddeeff
audited_ballots:
  - "13"
  - "20"
  - "35"
  - "43"
  - "58"
  - "69"
  - "73"
  - "77"
  - "81"
  - "88"
  - "93"
  - "96"
votes:
  - - 4
    - 8
    - 4
    - 5
    - 9
    - 2
    - 5
    - 0
    - 4
    - 9
    - 0
    - 9
    - 7
    - 6
    - 8
    - 1
    - 1
    - 0
    - 1
    - 7
  - - 1
    - 6
    - 6
    - 9
    - 8
    - 6
    - 3
    - 0
    - 2
    - 9
    - 1
    - 8
    - 5
    - 3
    - 3
    - 0
    - 2
    - 0
    - 0
    - 8
  - - 1
    - 7
    - 3
    - 3
    - 6
    - 6
    - 3
    - 2
    - 8
    - 1
    - 9
    - 6
    - 8
    - 6
    - 1
    - 5
    - 2
    - 6
    - 9
    - 8
  - - 6
    - 8
    - 3
    - 8
    - 5
    - 6
    - 9
    - 5
    - 8
    - 2
    - 2
    - 3
    - 9
    - 0
    - 6
    - 7
    - 1
    - 6
    - 7
    - 9
  - - 2
    - 4
    - 8
    - 0
    - 6
    - 4
    - 7
    - 9
    - 4
    - 6
    - 1
    - 5
    - 8
    - 1
    - 5
    - 5
    - 4
    - 6
    - 0
    - 5
  - - 0
    - 4
    - 9
    - 4
    - 3
    - 4
    - 7
    - 5
    - 2
    - 2
    - 6
    - 1
    - 3
    - 8
    - 2
    - 1
    - 6
    - 7
    - 2
    - 4
  - - 9
    - 0
    - 2
    - 0
    - 9
    - 7
    - 8
    - 8
    - 8
    - 9
    - 0
    - 2
    - 8
    - 0
    - 0
    - 2
    - 6
    - 0
    - 6
    - 6
  - - 1
    - 8
    - 3
    - 2
    - 6
    - 9
    - 9
    - 4
    - 4
    - 4
    - 3
    - 0
    - 8
    - 4
    - 5
    - 7
    - 4
    - 1
    - 8
    - 0
  - - 1
    - 4
    - 9
    - 7
    - 9
    - 6
    - 9
    - 8
    - 1
    - 6
    - 1
    - 2
    - 3
    - 5
    - 9
    - 0
    - 8
    - 3
    - 0
    - 9
  - - 2
    - 3
    - 0
    - 2
    - 3
    - 6
    - 1
    - 7
    - 0
    - 6
    - 6
    - 0
    - 8
    - 3
    - 3
    - 9
    - 7
    - 0
    - 5
    - 9
  - - 7
    - 0
    - 9
    - 8
    - 6
    - 9
    - 8
    - 1
    - 5
    - 7
    - 2
    - 3
    - 3
    - 2
    - 0
    - 1
    - 7
    - 7
    - 4
    - 1
  - - 7
    - 1
    - 9
    - 1
    - 2
    - 9
    - 1
    - 9
    - 5
    - 6
    - 8
    - 0
    - 2
    - 6
    - 4
    - 6
    - 7
    - 3
    - 1
    - 3
recordstep step7
[demo-debug2 c8877f7] step7
 3 files changed, 724 insertions(+), 7 deletions(-)
 create mode 100644 examples/ExamplePoll/audited_columns.yaml
 rewrite examples/example.yaml.secure (95%)
${SEVENTH_ESTATE_BINARY} step8 --config example.yaml.secure
poll_state:
  announced: true
  roster_committed: true
  columns_committed: true
  summands_committed: true
  summands_drawn: true
  ceremony_conducted: true
  votes_committed: true
  summands_revealed: false
  roster_revealed: false
  columns_revealed: false
signing_key: 5t6Otylf8oHOeDG4cd2FKT+lqpMb3x1jnrnpyB29jp8=
num_ballots: 100
num_decoys: 10
voter_roster: LS0tCnJlY29yZHM6CiAgLSBwb3NpdGlvbjogMAogICAgdm90ZXJfaW5mbzoKICAgICAgbGFzdF9uYW1lOiBNY0tpZQogICAgICBmaXJzdF9uYW1lOiBTaW91eAogIC
voter_roster_size: 1000
voter_privacy: true
drawn_summands_seed: 00112233445566778899aabbccddeeffffeeddccbbaa99887766554433221100
audited_columns_seed: ffeeddccbbaa9988776655443322110000112233445566778899aabbccddeeff
audited_ballots:
  - "13"
  - "20"
  - "35"
  - "43"
  - "58"
  - "69"
  - "73"
  - "77"
  - "81"
  - "88"
  - "93"
  - "96"
votes:
  - - 4
    - 8
    - 4
    - 5
    - 9
    - 2
    - 5
    - 0
    - 4
    - 9
    - 0
    - 9
    - 7
    - 6
    - 8
    - 1
    - 1
    - 0
    - 1
    - 7
  - - 1
    - 6
    - 6
    - 9
    - 8
    - 6
    - 3
    - 0
    - 2
    - 9
    - 1
    - 8
    - 5
    - 3
    - 3
    - 0
    - 2
    - 0
    - 0
    - 8
  - - 1
    - 7
    - 3
    - 3
    - 6
    - 6
    - 3
    - 2
    - 8
    - 1
    - 9
    - 6
    - 8
    - 6
    - 1
    - 5
    - 2
    - 6
    - 9
    - 8
  - - 6
    - 8
    - 3
    - 8
    - 5
    - 6
    - 9
    - 5
    - 8
    - 2
    - 2
    - 3
    - 9
    - 0
    - 6
    - 7
    - 1
    - 6
    - 7
    - 9
  - - 2
    - 4
    - 8
    - 0
    - 6
    - 4
    - 7
    - 9
    - 4
    - 6
    - 1
    - 5
    - 8
    - 1
    - 5
    - 5
    - 4
    - 6
    - 0
    - 5
  - - 0
    - 4
    - 9
    - 4
    - 3
    - 4
    - 7
    - 5
    - 2
    - 2
    - 6
    - 1
    - 3
    - 8
    - 2
    - 1
    - 6
    - 7
    - 2
    - 4
  - - 9
    - 0
    - 2
    - 0
    - 9
    - 7
    - 8
    - 8
    - 8
    - 9
    - 0
    - 2
    - 8
    - 0
    - 0
    - 2
    - 6
    - 0
    - 6
    - 6
  - - 1
    - 8
    - 3
    - 2
    - 6
    - 9
    - 9
    - 4
    - 4
    - 4
    - 3
    - 0
    - 8
    - 4
    - 5
    - 7
    - 4
    - 1
    - 8
    - 0
  - - 1
    - 4
    - 9
    - 7
    - 9
    - 6
    - 9
    - 8
    - 1
    - 6
    - 1
    - 2
    - 3
    - 5
    - 9
    - 0
    - 8
    - 3
    - 0
    - 9
  - - 2
    - 3
    - 0
    - 2
    - 3
    - 6
    - 1
    - 7
    - 0
    - 6
    - 6
    - 0
    - 8
    - 3
    - 3
    - 9
    - 7
    - 0
    - 5
    - 9
  - - 7
    - 0
    - 9
    - 8
    - 6
    - 9
    - 8
    - 1
    - 5
    - 7
    - 2
    - 3
    - 3
    - 2
    - 0
    - 1
    - 7
    - 7
    - 4
    - 1
  - - 7
    - 1
    - 9
    - 1
    - 2
    - 9
    - 1
    - 9
    - 5
    - 6
    - 8
    - 0
    - 2
    - 6
    - 4
    - 6
    - 7
    - 3
    - 1
    - 3
poll_state:
  announced: true
  roster_committed: true
  columns_committed: true
  summands_committed: true
  summands_drawn: true
  ceremony_conducted: true
  votes_committed: true
  summands_revealed: true
  roster_revealed: true
  columns_revealed: true
signing_key: 5t6Otylf8oHOeDG4cd2FKT+lqpMb3x1jnrnpyB29jp8=
num_ballots: 100
num_decoys: 10
voter_roster: LS0tCnJlY29yZHM6CiAgLSBwb3NpdGlvbjogMAogICAgdm90ZXJfaW5mbzoKICAgICAgbGFzdF9uYW1lOiBNY0tpZQogICAgICBmaXJzdF9uYW1lOiBTaW91eAogIC
voter_roster_size: 1000
voter_privacy: true
drawn_summands_seed: 00112233445566778899aabbccddeeffffeeddccbbaa99887766554433221100
audited_columns_seed: ffeeddccbbaa9988776655443322110000112233445566778899aabbccddeeff
audited_ballots:
  - "13"
  - "20"
  - "35"
  - "43"
  - "58"
  - "69"
  - "73"
  - "77"
  - "81"
  - "88"
  - "93"
  - "96"
votes:
  - - 4
    - 8
    - 4
    - 5
    - 9
    - 2
    - 5
    - 0
    - 4
    - 9
    - 0
    - 9
    - 7
    - 6
    - 8
    - 1
    - 1
    - 0
    - 1
    - 7
  - - 1
    - 6
    - 6
    - 9
    - 8
    - 6
    - 3
    - 0
    - 2
    - 9
    - 1
    - 8
    - 5
    - 3
    - 3
    - 0
    - 2
    - 0
    - 0
    - 8
  - - 1
    - 7
    - 3
    - 3
    - 6
    - 6
    - 3
    - 2
    - 8
    - 1
    - 9
    - 6
    - 8
    - 6
    - 1
    - 5
    - 2
    - 6
    - 9
    - 8
  - - 6
    - 8
    - 3
    - 8
    - 5
    - 6
    - 9
    - 5
    - 8
    - 2
    - 2
    - 3
    - 9
    - 0
    - 6
    - 7
    - 1
    - 6
    - 7
    - 9
  - - 2
    - 4
    - 8
    - 0
    - 6
    - 4
    - 7
    - 9
    - 4
    - 6
    - 1
    - 5
    - 8
    - 1
    - 5
    - 5
    - 4
    - 6
    - 0
    - 5
  - - 0
    - 4
    - 9
    - 4
    - 3
    - 4
    - 7
    - 5
    - 2
    - 2
    - 6
    - 1
    - 3
    - 8
    - 2
    - 1
    - 6
    - 7
    - 2
    - 4
  - - 9
    - 0
    - 2
    - 0
    - 9
    - 7
    - 8
    - 8
    - 8
    - 9
    - 0
    - 2
    - 8
    - 0
    - 0
    - 2
    - 6
    - 0
    - 6
    - 6
  - - 1
    - 8
    - 3
    - 2
    - 6
    - 9
    - 9
    - 4
    - 4
    - 4
    - 3
    - 0
    - 8
    - 4
    - 5
    - 7
    - 4
    - 1
    - 8
    - 0
  - - 1
    - 4
    - 9
    - 7
    - 9
    - 6
    - 9
    - 8
    - 1
    - 6
    - 1
    - 2
    - 3
    - 5
    - 9
    - 0
    - 8
    - 3
    - 0
    - 9
  - - 2
    - 3
    - 0
    - 2
    - 3
    - 6
    - 1
    - 7
    - 0
    - 6
    - 6
    - 0
    - 8
    - 3
    - 3
    - 9
    - 7
    - 0
    - 5
    - 9
  - - 7
    - 0
    - 9
    - 8
    - 6
    - 9
    - 8
    - 1
    - 5
    - 7
    - 2
    - 3
    - 3
    - 2
    - 0
    - 1
    - 7
    - 7
    - 4
    - 1
  - - 7
    - 1
    - 9
    - 1
    - 2
    - 9
    - 1
    - 9
    - 5
    - 6
    - 8
    - 0
    - 2
    - 6
    - 4
    - 6
    - 7
    - 3
    - 1
    - 3
recordstep step8
[demo-debug2 9eda2e8] step8
 104 files changed, 134576 insertions(+), 7 deletions(-)
 create mode 100644 examples/ExamplePoll/committed_summands_key.key
 create mode 100644 examples/ExamplePoll/committed_summands_revealed.csv
 create mode 100644 examples/ExamplePoll/final_plane_01.csv
 create mode 100644 examples/ExamplePoll/final_plane_01_keys.csv
 create mode 100644 examples/ExamplePoll/final_plane_02.csv
 create mode 100644 examples/ExamplePoll/final_plane_02_keys.csv
 create mode 100644 examples/ExamplePoll/final_plane_03.csv
 create mode 100644 examples/ExamplePoll/final_plane_03_keys.csv
 create mode 100644 examples/ExamplePoll/final_plane_04.csv
 create mode 100644 examples/ExamplePoll/final_plane_04_keys.csv
 create mode 100644 examples/ExamplePoll/final_plane_05.csv
 create mode 100644 examples/ExamplePoll/final_plane_05_keys.csv
 create mode 100644 examples/ExamplePoll/final_plane_06.csv
 create mode 100644 examples/ExamplePoll/final_plane_06_keys.csv
 create mode 100644 examples/ExamplePoll/final_plane_07.csv
 create mode 100644 examples/ExamplePoll/final_plane_07_keys.csv
 create mode 100644 examples/ExamplePoll/final_plane_08.csv
 create mode 100644 examples/ExamplePoll/final_plane_08_keys.csv
 create mode 100644 examples/ExamplePoll/final_plane_09.csv
 create mode 100644 examples/ExamplePoll/final_plane_09_keys.csv
 create mode 100644 examples/ExamplePoll/final_plane_10.csv
 create mode 100644 examples/ExamplePoll/final_plane_10_keys.csv
 create mode 100644 examples/ExamplePoll/final_plane_11.csv
 create mode 100644 examples/ExamplePoll/final_plane_11_keys.csv
 create mode 100644 examples/ExamplePoll/final_plane_12.csv
 create mode 100644 examples/ExamplePoll/final_plane_12_keys.csv
 create mode 100644 examples/ExamplePoll/final_plane_13.csv
 create mode 100644 examples/ExamplePoll/final_plane_13_keys.csv
 create mode 100644 examples/ExamplePoll/final_plane_14.csv
 create mode 100644 examples/ExamplePoll/final_plane_14_keys.csv
 create mode 100644 examples/ExamplePoll/final_plane_15.csv
 create mode 100644 examples/ExamplePoll/final_plane_15_keys.csv
 create mode 100644 examples/ExamplePoll/final_plane_16.csv
 create mode 100644 examples/ExamplePoll/final_plane_16_keys.csv
 create mode 100644 examples/ExamplePoll/final_plane_17.csv
 create mode 100644 examples/ExamplePoll/final_plane_17_keys.csv
 create mode 100644 examples/ExamplePoll/final_plane_18.csv
 create mode 100644 examples/ExamplePoll/final_plane_18_keys.csv
 create mode 100644 examples/ExamplePoll/final_plane_19.csv
 create mode 100644 examples/ExamplePoll/final_plane_19_keys.csv
 create mode 100644 examples/ExamplePoll/final_plane_20.csv
 create mode 100644 examples/ExamplePoll/final_plane_20_keys.csv
 create mode 100644 examples/ExamplePoll/final_plane_21.csv
 create mode 100644 examples/ExamplePoll/final_plane_21_keys.csv
 create mode 100644 examples/ExamplePoll/final_plane_22.csv
 create mode 100644 examples/ExamplePoll/final_plane_22_keys.csv
 create mode 100644 examples/ExamplePoll/final_plane_23.csv
 create mode 100644 examples/ExamplePoll/final_plane_23_keys.csv
 create mode 100644 examples/ExamplePoll/final_plane_24.csv
 create mode 100644 examples/ExamplePoll/final_plane_24_keys.csv
 create mode 100644 examples/ExamplePoll/final_plane_25.csv
 create mode 100644 examples/ExamplePoll/final_plane_25_keys.csv
 create mode 100644 examples/ExamplePoll/final_plane_26.csv
 create mode 100644 examples/ExamplePoll/final_plane_26_keys.csv
 create mode 100644 examples/ExamplePoll/final_plane_27.csv
 create mode 100644 examples/ExamplePoll/final_plane_27_keys.csv
 create mode 100644 examples/ExamplePoll/final_plane_28.csv
 create mode 100644 examples/ExamplePoll/final_plane_28_keys.csv
 create mode 100644 examples/ExamplePoll/final_plane_29.csv
 create mode 100644 examples/ExamplePoll/final_plane_29_keys.csv
 create mode 100644 examples/ExamplePoll/final_plane_30.csv
 create mode 100644 examples/ExamplePoll/final_plane_30_keys.csv
 create mode 100644 examples/ExamplePoll/final_plane_31.csv
 create mode 100644 examples/ExamplePoll/final_plane_31_keys.csv
 create mode 100644 examples/ExamplePoll/final_plane_32.csv
 create mode 100644 examples/ExamplePoll/final_plane_32_keys.csv
 create mode 100644 examples/ExamplePoll/final_plane_33.csv
 create mode 100644 examples/ExamplePoll/final_plane_33_keys.csv
 create mode 100644 examples/ExamplePoll/final_plane_34.csv
 create mode 100644 examples/ExamplePoll/final_plane_34_keys.csv
 create mode 100644 examples/ExamplePoll/final_plane_35.csv
 create mode 100644 examples/ExamplePoll/final_plane_35_keys.csv
 create mode 100644 examples/ExamplePoll/final_plane_36.csv
 create mode 100644 examples/ExamplePoll/final_plane_36_keys.csv
 create mode 100644 examples/ExamplePoll/final_plane_37.csv
 create mode 100644 examples/ExamplePoll/final_plane_37_keys.csv
 create mode 100644 examples/ExamplePoll/final_plane_38.csv
 create mode 100644 examples/ExamplePoll/final_plane_38_keys.csv
 create mode 100644 examples/ExamplePoll/final_plane_39.csv
 create mode 100644 examples/ExamplePoll/final_plane_39_keys.csv
 create mode 100644 examples/ExamplePoll/final_plane_40.csv
 create mode 100644 examples/ExamplePoll/final_plane_40_keys.csv
 create mode 100644 examples/ExamplePoll/final_plane_41.csv
 create mode 100644 examples/ExamplePoll/final_plane_41_keys.csv
 create mode 100644 examples/ExamplePoll/final_plane_42.csv
 create mode 100644 examples/ExamplePoll/final_plane_42_keys.csv
 create mode 100644 examples/ExamplePoll/final_plane_43.csv
 create mode 100644 examples/ExamplePoll/final_plane_43_keys.csv
 create mode 100644 examples/ExamplePoll/final_plane_44.csv
 create mode 100644 examples/ExamplePoll/final_plane_44_keys.csv
 create mode 100644 examples/ExamplePoll/final_plane_45.csv
 create mode 100644 examples/ExamplePoll/final_plane_45_keys.csv
 create mode 100644 examples/ExamplePoll/final_plane_46.csv
 create mode 100644 examples/ExamplePoll/final_plane_46_keys.csv
 create mode 100644 examples/ExamplePoll/final_plane_47.csv
 create mode 100644 examples/ExamplePoll/final_plane_47_keys.csv
 create mode 100644 examples/ExamplePoll/final_plane_48.csv
 create mode 100644 examples/ExamplePoll/final_plane_48_keys.csv
 create mode 100644 examples/ExamplePoll/final_plane_49.csv
 create mode 100644 examples/ExamplePoll/final_plane_49_keys.csv
 create mode 100644 examples/ExamplePoll/final_plane_50.csv
 create mode 100644 examples/ExamplePoll/final_plane_50_keys.csv
 rewrite examples/example.yaml.secure (94%)
